<?xml version="1.0" encoding="UTF-8"?>
<!-- Generated by org.testng.reporters.JUnitXMLReporter -->
<testsuite hostname="LAPTOP-4S534GEK" ignored="0" name="Test" tests="1" failures="0" timestamp="16 Mar 2023 06:29:03 GMT" time="0.06" errors="0">
  <testcase name="@BeforeMethod openBrowser" time="0.0" classname="org.salesForceTestng.ProjectSpecificMethods">
    <failure type="org.testng.TestNGException" message="
Parameter &amp;apos;browser&amp;apos; is required by BeforeMethod on method openBrowser but has not been marked @Optional or defined
in C:\Users\Sathish.P\eclipse-Testleaf\Marathon3Task1\testng2.xml">
      <![CDATA[org.testng.TestNGException: 
Parameter 'browser' is required by BeforeMethod on method openBrowser but has not been marked @Optional or defined
in C:\Users\Sathish.P\eclipse-Testleaf\Marathon3Task1\testng2.xml
... Removed 24 stack frames]]>
    </failure>
  </testcase> <!-- @BeforeMethod openBrowser -->
  <testcase name="salesForce2" time="0.009" classname="org.salesForceTestng.SalesForceTask2">
    <skipped/>
  </testcase> <!-- salesForce2 -->
</testsuite> <!-- Test -->
